C:\PROG\POLITEH-PROG2\REPAINT\DEBUG\REPAINT.PCH
C:\PROG\POLITEH-PROG2\REPAINT\DEBUG\STDAFX.OBJ
C:\PROG\POLITEH-PROG2\REPAINT\DEBUG\VC110.PDB
C:\PROG\POLITEH-PROG2\REPAINT\DEBUG\REPAINT.OBJ
C:\PROG\POLITEH-PROG2\REPAINT\DEBUG\REPAINT.ILK
C:\PROG\POLITEH-PROG2\REPAINT\DEBUG\REPAINT.EXE
C:\PROG\POLITEH-PROG2\REPAINT\DEBUG\REPAINT.PDB
C:\Prog\politeh-prog2\Repaint\Debug\Repaint.obj
C:\Prog\politeh-prog2\Repaint\Debug\stdafx.obj
C:\Prog\politeh-prog2\Repaint\Debug\Repaint.ilk
C:\Prog\politeh-prog2\Repaint\Debug\cl.command.1.tlog
C:\Prog\politeh-prog2\Repaint\Debug\CL.read.1.tlog
C:\Prog\politeh-prog2\Repaint\Debug\CL.write.1.tlog
C:\Prog\politeh-prog2\Repaint\Debug\link-cvtres.read.1.tlog
C:\Prog\politeh-prog2\Repaint\Debug\link-cvtres.write.1.tlog
C:\Prog\politeh-prog2\Repaint\Debug\link-rc.read.1.tlog
C:\Prog\politeh-prog2\Repaint\Debug\link-rc.write.1.tlog
C:\Prog\politeh-prog2\Repaint\Debug\link.command.1.tlog
C:\Prog\politeh-prog2\Repaint\Debug\link.read.1.tlog
C:\Prog\politeh-prog2\Repaint\Debug\link.write.1.tlog
C:\Prog\politeh-prog2\Repaint\Debug\Repaint.pch
C:\Prog\politeh-prog2\Repaint\Debug\vc110.idb
C:\Prog\politeh-prog2\Repaint\Debug\Repaint.pdb
C:\Prog\politeh-prog2\Repaint\Debug\vc110.pdb
C:\Prog\politeh-prog2\Repaint\Debug\Repaint.exe
